make all --print-data-base --no-builtin-variables --no-builtin-rules --question
# GNU Make 3.81
# Copyright (C) 2006  Free Software Foundation, Inc.
# This is free software; see the source for copying conditions.
# There is NO warranty; not even for MERCHANTABILITY or FITNESS FOR A
# PARTICULAR PURPOSE.

# This program built for i386-apple-darwin11.3.0
 

# Make data base, printed on Tue Jun 14 21:46:20 2022

# Variables

# automatic
<D = $(patsubst %/,%,$(dir $<))
# automatic
?F = $(notdir $?)
# makefile (from `Makefile', line 45)
OBJ = $(SRC:%.c=%.o)
# makefile (from `Makefile', line 44)
 
SRC := src/main.c src/minishell_initialize.c src/read_pipeline.c src/generate_process.c src/redirect_process.c src/execute_command.c src/execute_helper_func.c src/delete_command_list.c src/parser/parser.c src/parser/parser_error.c src/parser/parse_command.c src/parser/parse_redirect.c src/parser/print_parsing_info.c src/tokenizer/tokenizer.c src/tokenizer/token_helper_func.c src/tokenizer/recognition_procedure_1.c src/tokenizer/recognition_procedure_2.c src/tokenizer/word_expansion.c src/built_in/env.c src/built_in/export.c src/built_in/key_compare.c src/built_in/set_env.c src/built_in/check_key.c src/built_in/delete_content.c src/built_in/echo.c src/built_in/exit.c src/built_in/cd.c src/built_in/ft_atoll.c src/built_in/ft_split_first.c src/built_in/unset.c src/built_in/pwd.c src/built_in/find_question.c src/signal/handle_signal.c
# automatic
?D = $(patsubst %/,%,$(dir $?))
# automatic
@D = $(patsubst %/,%,$(dir $@))
# automatic
@F = $(notdir $@)
# makefile
CURDIR := /Users/gson/minishell
# makefile
SHELL = /bin/sh
# makefile (from `Makefile', line 7)
RM = rm -f
# environment
VSCODE_NLS_CONFIG = {"locale":"en-us","availableLanguages":{},"_languagePackSupport":true}
# environment
_ = /usr/bin/make
# makefile (from `Makefile', line 5)
CFLAGS = -Wall -Wextra -Werror
# makefile (from `Makefile', line 1)
MAKEFILE_LIST :=  Makefile
# environment
VSCODE_NODE_CACHED_DATA_DIR = 
# makefile (from `Makefile', line 6)
DEBUG = -g3 -fsanitize=address -DDEBUG_FLAG=1
# environment
VERBOSE_LOGGING = true
# environment
VSCODE_LOGS = /Users/gson/Library/Application Support/Code/logs/20220614T202644
# environment
P9K_SSH = 0
# environment
VSCODE_IPC_HOOK_EXTHOST = /var/folders/zz/zyxvpxvq6csfxvn_n000ck0m0034h5/T/vscode-ipc-37a51b26-af9e-45ef-abcf-90c8e39d5a88.sock
# environment
PATH = /Users/gson/.brew/bin:/Users/gson/.brew/bin:/usr/local/bin:/usr/bin:/bin:/usr/sbin:/sbin:/usr/local/munki
# environment
LSCOLORS = Gxfxcxdxbxegedabagacad
# environment
LaunchInstanceID = EB454CDF-D7C6-496D-8346-62B436120641
# environment
VSCODE_LOG_STACK = false
# environment
ELECTRON_RUN_AS_NODE = 1
# default
.FEATURES := target-specific order-only second-expansion else-if archives jobserver check-symlink
# makefile (from `Makefile', line 68)
LIBFT_DIR = libft
# makefile (from `Makefile', line 59)
LIBTARGET = all
# environment
SSH_AUTH_SOCK = /private/tmp/com.apple.launchd.7yf4eaQJU2/Listeners
# automatic
%F = $(notdir $%)
# environment
HOMEBREW_TEMP = /tmp/gson/Homebrew/Temp
# environment
PWD = /Users/gson/minishell
# makefile (from `Makefile', line 54)
INCL_DIR = include
# environment
HOME = /Users/gson
# environment
LD_LIBRARY_PATH = /Users/gson/.brew/Cellar/readline/8.1.2
# default
MAKEFILEPATH := /Applications/Xcode.app/Contents/Developer/Makefiles
# environment
LOGNAME = gson
# environment
APPLICATION_INSIGHTS_NO_DIAGNOSTIC_CHANNEL = true
# environment
ZSH = /Users/gson/.oh-my-zsh
# environment
VSCODE_HANDLES_UNCAUGHT_ERRORS = true
# automatic
^D = $(patsubst %/,%,$(dir $^))
# environment
XPC_FLAGS = 0x0
# default
MAKE = $(MAKE_COMMAND)
# default
MAKECMDGOALS := all
# environment
HOMEBREW_CACHE = /tmp/gson/Homebrew/Caches
# environment
SHLVL = 1
# makefile (from `Makefile', line 67)
LIBFT = libft.a
# makefile (from `Makefile', line 4)
CC = gcc
# default
MAKE_VERSION := 3.81
# environment
AMD_ENTRYPOINT = vs/workbench/services/extensions/node/extensionHostProcess
# environment
USER = gson
# makefile
.DEFAULT_GOAL := libs
# makefile (from `Makefile', line 1)
NAME = minishell
# makefile (from `Makefile', line 69)
LIB_ADD = -L. -L/Users/$(USER)/.brew/Cellar/readline/8.1.2/lib -ldlinkedlist -lft
# environment
PIPE_LOGGING = true
# environment
LESS = -R
# automatic
%D = $(patsubst %/,%,$(dir $%))
# default
MAKE_COMMAND := /Applications/Xcode.app/Contents/Developer/usr/bin/make
# makefile (from `Makefile', line 55)
INCL := include/minishell.h include/doubly_linked_list.h include/libft.h include/cmd.h include/parser/parser.h include/parser/token.h include/parser/token_recognition.h
# default
.VARIABLES := 
# environment
TMPDIR = /var/folders/zz/zyxvpxvq6csfxvn_n000ck0m0034h5/T/
# automatic
*F = $(notdir $*)
# environment
VSCODE_IPC_HOOK = /Users/gson/Library/Application Support/Code/1.39.2-main.sock
# makefile
MAKEFLAGS = Rrqp
# makefile (from `Makefile', line 63)
DLLIST_DIR = doubly_linked_list
# environment
MFLAGS = -Rrqp
# automatic
*D = $(patsubst %/,%,$(dir $*))
# environment
MAIL = gson@student.42seoul.kr
# environment
XPC_SERVICE_NAME = com.apple.xpc.launchd.oneshot.0x10000002.Electron
# automatic
+D = $(patsubst %/,%,$(dir $+))
# automatic
+F = $(notdir $+)
# environment
__CF_USER_TEXT_ENCODING = 0x19205:0x0:0x0
# environment
COMMAND_MODE = unix2003
# default
MAKEFILES := 
# makefile (from `Makefile', line 43)
SRC_DIR = src
# automatic
<F = $(notdir $<)
# environment
PAGER = less
# environment
LC_ALL = C
# makefile (from `Makefile', line 70)
LIBS = DLLIST.lib LIBFT.lib
# environment
SECURITYSESSIONID = 186a6
# automatic
^F = $(notdir $^)
# default
SUFFIXES := 
# default
.INCLUDE_DIRS = /usr/local/include
# environment
MAKELEVEL := 0
# makefile (from `Makefile', line 62)
DLLIST = libdlinkedlist.a
# environment
LANG = C
# environment
VSCODE_PID = 973
# variable set hash-table stats:
 
# Load=87/1024=8%, Rehash=0, Collisions=12/141=9%

# Pattern-specific Variable Values

# No pattern-specific variable values.

# Directories

# . (device 16777225, inode 2165495): 14 files, no impossibilities.

# 14 files, no impossibilities in 1 directories.

# Implicit Rules

# No implicit rules.

# Files

# Not a target:
src/built_in/echo.c:
#  Implicit rule search has not been done.
#  Modification time never checked.
#  File has not been updated.

LIBFT.lib:
#  Implicit rule search has not been done.
#  Implicit/static pattern stem: `LIBFT'
#  Modification time never checked.
#  File has not been updated.
#  commands to execute (from `Makefile', line 88):
	$(MAKE) -C $($*_DIR) $(LIBFLAGS) all
	@cp -p $($*_DIR)/$($*) .
	

src/execute_command.o: src/execute_command.c
#  Implicit rule search has not been done.
#  Implicit/static pattern stem: `src/execute_command'
#  Modification time never checked.
#  File has not been updated.
#  commands to execute (from `Makefile', line 95):
	$(CC) $(CFLAGS) -c -o $@ $< -I$(INCL_DIR) -I/Users/$(USER)/.brew/Cellar/readline/8.1.2/include
	

src/tokenizer/tokenizer.o: src/tokenizer/tokenizer.c
#  Implicit rule search has not been done.
#  Implicit/static pattern stem: `src/tokenizer/tokenizer'
#  Modification time never checked.
#  File has not been updated.
#  commands to execute (from `Makefile', line 95):
	$(CC) $(CFLAGS) -c -o $@ $< -I$(INCL_DIR) -I/Users/$(USER)/.brew/Cellar/readline/8.1.2/include
	

src/read_pipeline.o: src/read_pipeline.c
#  Implicit rule search has not been done.
#  Implicit/static pattern stem: `src/read_pipeline'
#  Modification time never checked.
#  File has not been updated.
#  commands to execute (from `Makefile', line 95):
	$(CC) $(CFLAGS) -c -o $@ $< -I$(INCL_DIR) -I/Users/$(USER)/.brew/Cellar/readline/8.1.2/include
	

# Not a target:
src/built_in/env.c:
#  Implicit rule search has not been done.
#  Modification time never checked.
#  File has not been updated.

# Not a target:
src/parser/parser_error.c:
#  Implicit rule search has not been done.
#  Modification time never checked.
#  File has not been updated.

# Not a target:
src/tokenizer/word_expansion.c:
#  Implicit rule search has not been done.
#  Modification time never checked.
#  File has not been updated.

# Not a target:
src/built_in/exit.c:
#  Implicit rule search has not been done.
#  Modification time never checked.
#  File has not been updated.

all: minishell
#  Phony target (prerequisite of .PHONY).
#  Command-line target.
#  Implicit rule search has not been done.
#  File does not exist.
#  File has been updated.
#  Needs to be updated (-q is set).
# variable set hash-table stats:
# Load=0/32=0%, Rehash=0, Collisions=0/6=0%

# Not a target:
src/built_in/set_env.c:
#  Implicit rule search has not been done.
#  Modification time never checked.
#  File has not been updated.

# Not a target:
src/parser/parse_command.c:
#  Implicit rule search has not been done.
#  Modification time never checked.
#  File has not been updated.

.PHONY: all clean fclean re libs
#  Implicit rule search has not been done.
#  Modification time never checked.
#  File has not been updated.

# Not a target:
src/tokenizer/token_helper_func.c:
#  Implicit rule search has not been done.
#  Modification time never checked.
#  File has not been updated.

# Not a target:
src/minishell_initialize.c:
#  Implicit rule search has not been done.
#  Modification time never checked.
#  File has not been updated.

src/main.o: src/main.c
#  Implicit rule search has not been done.
#  Implicit/static pattern stem: `src/main'
#  File does not exist.
#  File has been updated.
#  Needs to be updated (-q is set).
# automatic
# @ := src/main.o
# automatic
# % := 
# automatic
# * := src/main
# automatic
# + := src/main.c
# automatic
# | := 
# automatic
# < := src/main.c
# automatic
# ^ := src/main.c
# automatic
# ? := src/main.c
# variable set hash-table stats:
# Load=8/32=25%, Rehash=0, Collisions=1/16=6%
#  commands to execute (from `Makefile', line 95):
	$(CC) $(CFLAGS) -c -o $@ $< -I$(INCL_DIR) -I/Users/$(USER)/.brew/Cellar/readline/8.1.2/include
	

src/delete_command_list.o: src/delete_command_list.c
#  Implicit rule search has not been done.
#  Implicit/static pattern stem: `src/delete_command_list'
#  Modification time never checked.
#  File has not been updated.
#  commands to execute (from `Makefile', line 95):
	$(CC) $(CFLAGS) -c -o $@ $< -I$(INCL_DIR) -I/Users/$(USER)/.brew/Cellar/readline/8.1.2/include
	

src/tokenizer/recognition_procedure_1.o: src/tokenizer/recognition_procedure_1.c
#  Implicit rule search has not been done.
#  Implicit/static pattern stem: `src/tokenizer/recognition_procedure_1'
#  Modification time never checked.
#  File has not been updated.
#  commands to execute (from `Makefile', line 95):
	$(CC) $(CFLAGS) -c -o $@ $< -I$(INCL_DIR) -I/Users/$(USER)/.brew/Cellar/readline/8.1.2/include
	

# Not a target:
src/built_in/unset.c:
#  Implicit rule search has not been done.
#  Modification time never checked.
#  File has not been updated.

src/built_in/key_compare.o: src/built_in/key_compare.c
#  Implicit rule search has not been done.
#  Implicit/static pattern stem: `src/built_in/key_compare'
#  Modification time never checked.
#  File has not been updated.
#  commands to execute (from `Makefile', line 95):
	$(CC) $(CFLAGS) -c -o $@ $< -I$(INCL_DIR) -I/Users/$(USER)/.brew/Cellar/readline/8.1.2/include
	

src/execute_helper_func.o: src/execute_helper_func.c
#  Implicit rule search has not been done.
#  Implicit/static pattern stem: `src/execute_helper_func'
#  Modification time never checked.
#  File has not been updated.
#  commands to execute (from `Makefile', line 95):
	$(CC) $(CFLAGS) -c -o $@ $< -I$(INCL_DIR) -I/Users/$(USER)/.brew/Cellar/readline/8.1.2/include
	

src/redirect_process.o: src/redirect_process.c
#  Implicit rule search has not been done.
#  Implicit/static pattern stem: `src/redirect_process'
#  Modification time never checked.
#  File has not been updated.
#  commands to execute (from `Makefile', line 95):
	$(CC) $(CFLAGS) -c -o $@ $< -I$(INCL_DIR) -I/Users/$(USER)/.brew/Cellar/readline/8.1.2/include
	

# Not a target:
.SUFFIXES:
#  Implicit rule search has not been done.
#  Modification time never checked.
#  File has not been updated.

# Not a target:
src/generate_process.c:
#  Implicit rule search has not been done.
#  Modification time never checked.
#  File has not been updated.

# Not a target:
src/parser/parse_redirect.c:
#  Implicit rule search has not been done.
#  Modification time never checked.
#  File has not been updated.

# Not a target:
src/execute_command.c:
#  Implicit rule search has not been done.
#  Modification time never checked.
#  File has not been updated.

# Not a target:
Makefile:
#  Implicit rule search has been done.
#  Last modified 2022-06-14 21:46:07
#  File has been updated.
#  Successfully updated.
# variable set hash-table stats:
# Load=0/32=0%, Rehash=0, Collisions=0/0=0%

src/signal/handle_signal.o: src/signal/handle_signal.c
#  Implicit rule search has not been done.
#  Implicit/static pattern stem: `src/signal/handle_signal'
#  Modification time never checked.
#  File has not been updated.
#  commands to execute (from `Makefile', line 95):
	$(CC) $(CFLAGS) -c -o $@ $< -I$(INCL_DIR) -I/Users/$(USER)/.brew/Cellar/readline/8.1.2/include
	

src/built_in/pwd.o: src/built_in/pwd.c
#  Implicit rule search has not been done.
#  Implicit/static pattern stem: `src/built_in/pwd'
#  Modification time never checked.
#  File has not been updated.
#  commands to execute (from `Makefile', line 95):
	$(CC) $(CFLAGS) -c -o $@ $< -I$(INCL_DIR) -I/Users/$(USER)/.brew/Cellar/readline/8.1.2/include
	

libs: DLLIST.lib LIBFT.lib
#  Phony target (prerequisite of .PHONY).
#  Implicit rule search has not been done.
#  File does not exist.
#  File has not been updated.
#  commands to execute (from `Makefile', line 79):
	$(MAKE) $(NAME)
	

src/built_in/cd.o: src/built_in/cd.c
#  Implicit rule search has not been done.
#  Implicit/static pattern stem: `src/built_in/cd'
#  Modification time never checked.
#  File has not been updated.
#  commands to execute (from `Makefile', line 95):
 
	$(CC) $(CFLAGS) -c -o $@ $< -I$(INCL_DIR) -I/Users/$(USER)/.brew/Cellar/readline/8.1.2/include
	

debug:
#  Implicit rule search has not been done.
#  Modification time never checked.
#  File has not been updated.
#  commands to execute (from `Makefile', line 84):
	$(MAKE) clean
	$(MAKE) DEBUG_FLAG=1 libs
	

DLLIST.lib.clean:
#  Implicit rule search has not been done.
#  Implicit/static pattern stem: `DLLIST'
#  Modification time never checked.
#  File has not been updated.
#  commands to execute (from `Makefile', line 106):
	$(RM) $($*)
	@$(MAKE) -C $($*_DIR) fclean
	$(RM) $*.lib
	

# Not a target:
src/built_in/find_question.c:
#  Implicit rule search has not been done.
#  Modification time never checked.
#  File has not been updated.

# Not a target:
src/tokenizer/tokenizer.c:
#  Implicit rule search has not been done.
#  Modification time never checked.
#  File has not been updated.

src/tokenizer/recognition_procedure_2.o: src/tokenizer/recognition_procedure_2.c
#  Implicit rule search has not been done.
#  Implicit/static pattern stem: `src/tokenizer/recognition_procedure_2'
#  Modification time never checked.
#  File has not been updated.
#  commands to execute (from `Makefile', line 95):
	$(CC) $(CFLAGS) -c -o $@ $< -I$(INCL_DIR) -I/Users/$(USER)/.brew/Cellar/readline/8.1.2/include
	

DLLIST.lib:
#  Implicit rule search has not been done.
#  Implicit/static pattern stem: `DLLIST'
#  Modification time never checked.
#  File has not been updated.
#  commands to execute (from `Makefile', line 88):
	$(MAKE) -C $($*_DIR) $(LIBFLAGS) all
	@cp -p $($*_DIR)/$($*) .
	

src/parser/print_parsing_info.o: src/parser/print_parsing_info.c
#  Implicit rule search has not been done.
#  Implicit/static pattern stem: `src/parser/print_parsing_info'
#  Modification time never checked.
#  File has not been updated.
#  commands to execute (from `Makefile', line 95):
	$(CC) $(CFLAGS) -c -o $@ $< -I$(INCL_DIR) -I/Users/$(USER)/.brew/Cellar/readline/8.1.2/include
	

src/built_in/check_key.o: src/built_in/check_key.c
#  Implicit rule search has not been done.
#  Implicit/static pattern stem: `src/built_in/check_key'
#  Modification time never checked.
#  File has not been updated.
#  commands to execute (from `Makefile', line 95):
	$(CC) $(CFLAGS) -c -o $@ $< -I$(INCL_DIR) -I/Users/$(USER)/.brew/Cellar/readline/8.1.2/include
	

# Not a target:
src/read_pipeline.c:
#  Implicit rule search has not been done.
#  Modification time never checked.
#  File has not been updated.

src/built_in/echo.o: src/built_in/echo.c
#  Implicit rule search has not been done.
#  Implicit/static pattern stem: `src/built_in/echo'
#  Modification time never checked.
#  File has not been updated.
#  commands to execute (from `Makefile', line 95):
	$(CC) $(CFLAGS) -c -o $@ $< -I$(INCL_DIR) -I/Users/$(USER)/.brew/Cellar/readline/8.1.2/include
	

minishell: src/main.o src/minishell_initialize.o src/read_pipeline.o src/generate_process.o src/redirect_process.o src/execute_command.o src/execute_helper_func.o src/delete_command_list.o src/parser/parser.o src/parser/parser_error.o src/parser/parse_command.o src/parser/parse_redirect.o src/parser/print_parsing_info.o src/tokenizer/tokenizer.o src/tokenizer/token_helper_func.o src/tokenizer/recognition_procedure_1.o src/tokenizer/recognition_procedure_2.o src/tokenizer/word_expansion.o src/built_in/env.o src/built_in/export.o src/built_in/key_compare.o src/built_in/set_env.o src/built_in/check_key.o src/built_in/delete_content.o src/built_in/echo.o src/built_in/exit.o src/built_in/cd.o src/built_in/ft_atoll.o src/built_in/ft_split_first.o src/built_in/unset.o src/built_in/pwd.o src/built_in/find_question.o src/signal/handle_signal.o
#  Implicit rule search has not been done.
#  File does not exist.
#  File has been updated.
#  Needs to be updated (-q is set).
# variable set hash-table stats:
# Load=0/32=0%, Rehash=0, Collisions=0/6=0%
#  commands to execute (from `Makefile', line 92):
	$(CC) $(CFLAGS) -o $@ $(OBJ) -lreadline $(LIB_ADD)
	

src/built_in/export.o: src/built_in/export.c
#  Implicit rule search has not been done.
#  Implicit/static pattern stem: `src/built_in/export'
#  Modification time never checked.
#  File has not been updated.
#  commands to execute (from `Makefile', line 95):
	$(CC) $(CFLAGS) -c -o $@ $< -I$(INCL_DIR) -I/Users/$(USER)/.brew/Cellar/readline/8.1.2/include
	

src/built_in/ft_split_first.o: src/built_in/ft_split_first.c
#  Implicit rule search has not been done.
#  Implicit/static pattern stem: `src/built_in/ft_split_first'
#  Modification time never checked.
#  File has not been updated.
#  commands to execute (from `Makefile', line 95):
	$(CC) $(CFLAGS) -c -o $@ $< -I$(INCL_DIR) -I/Users/$(USER)/.brew/Cellar/readline/8.1.2/include
	

fclean: clean DLLIST.lib.clean LIBFT.lib.clean
#  Phony target (prerequisite of .PHONY).
#  Implicit rule search has not been done.
#  File does not exist.
#  File has not been updated.
#  commands to execute (from `Makefile', line 101):
	$(RM) $($(LIBS:%.lib=%))
	$(RM) $(NAME)
	$(RM) DEBUG.flag
	

src/parser/parser.o: src/parser/parser.c
#  Implicit rule search has not been done.
#  Implicit/static pattern stem: `src/parser/parser'
#  Modification time never checked.
#  File has not been updated.
#  commands to execute (from `Makefile', line 95):
	$(CC) $(CFLAGS) -c -o $@ $< -I$(INCL_DIR) -I/Users/$(USER)/.brew/Cellar/readline/8.1.2/include
	

# Not a target:
src/main.c:
#  Implicit rule search has been done.
#  Last modified 2022-06-14 20:53:47
#  File has been updated.
#  Successfully updated.
# variable set hash-table stats:
# Load=0/32=0%, Rehash=0, Collisions=0/0=0%

# Not a target:
src/delete_command_list.c:
#  Implicit rule search has not been done.
#  Modification time never checked.
#  File has not been updated.

# Not a target:
src/tokenizer/recognition_procedure_1.c:
#  Implicit rule search has not been done.
#  Modification time never checked.
#  File has not been updated.

# Not a target:
src/built_in/key_compare.c:
#  Implicit rule search has not been done.
#  Modification time never checked.
#  File has not been updated.

# Not a target:
src/execute_helper_func.c:
#  Implicit rule search has not been done.
#  Modification time never checked.
#  File has not been updated.

# Not a target:
.DEFAULT:
#  Implicit rule search has not been done.
#  Modification time never checked.
#  File has not been updated.

# Not a target:
src/redirect_process.c:
#  Implicit rule search has not been done.
#  Modification time never checked.
#  File has not been updated.

src/built_in/ft_atoll.o: src/built_in/ft_atoll.c
#  Implicit rule search has not been done.
#  Implicit/static pattern stem: `src/built_in/ft_atoll'
#  Modification time never checked.
#  File has not been updated.
#  commands to execute (from `Makefile', line 95):
	$(CC) $(CFLAGS) -c -o $@ $< -I$(INCL_DIR) -I/Users/$(USER)/.brew/Cellar/readline/8.1.2/include
	

src/built_in/delete_content.o: src/built_in/delete_content.c
#  Implicit rule search has not been done.
#  Implicit/static pattern stem: `src/built_in/delete_content'
#  Modification time never checked.
#  File has not been updated.
#  commands to execute (from `Makefile', line 95):
	$(CC) $(CFLAGS) -c -o $@ $< -I$(INCL_DIR) -I/Users/$(USER)/.brew/Cellar/readline/8.1.2/include
	

# Not a target:
src/signal/handle_signal.c:
#  Implicit rule search has not been done.
#  Modification time never checked.
#  File has not been updated.

# Not a target:
src/built_in/pwd.c:
#  Implicit rule search has not been done.
#  Modification time never checked.
#  File has not been updated.

# Not a target:
src/built_in/cd.c:
#  Implicit rule search has not been done.
#  Modification time never checked.
#  File has not been updated.

re: fclean
#  Phony target (prerequisite of .PHONY).
#  Implicit rule search has not been done.
#  File does not exist.
#  File has not been updated.
#  commands to execute (from `Makefile', line 111):
	$(MAKE) libs
	

clean:
#  Phony target (prerequisite of .PHONY).
#  Implicit rule search has not been done.
#  File does not exist.
#  File has not been updated.
#  commands to execute (from `Makefile', line 98):
	$(RM) $(OBJ)
	

 
# Not a target:
src/tokenizer/recognition_procedure_2.c:
#  Implicit rule search has not been done.
#  Modification time never checked.
#  File has not been updated.

src/built_in/env.o: src/built_in/env.c
#  Implicit rule search has not been done.
#  Implicit/static pattern stem: `src/built_in/env'
#  Modification time never checked.
#  File has not been updated.
#  commands to execute (from `Makefile', line 95):
	$(CC) $(CFLAGS) -c -o $@ $< -I$(INCL_DIR) -I/Users/$(USER)/.brew/Cellar/readline/8.1.2/include
	

# Not a target:
src/parser/print_parsing_info.c:
#  Implicit rule search has not been done.
#  Modification time never checked.
#  File has not been updated.

# Not a target:
src/built_in/check_key.c:
#  Implicit rule search has not been done.
#  Modification time never checked.
#  File has not been updated.

src/parser/parser_error.o: src/parser/parser_error.c
#  Implicit rule search has not been done.
#  Implicit/static pattern stem: `src/parser/parser_error'
#  Modification time never checked.
#  File has not been updated.
#  commands to execute (from `Makefile', line 95):
	$(CC) $(CFLAGS) -c -o $@ $< -I$(INCL_DIR) -I/Users/$(USER)/.brew/Cellar/readline/8.1.2/include
	

src/tokenizer/word_expansion.o: src/tokenizer/word_expansion.c
#  Implicit rule search has not been done.
#  Implicit/static pattern stem: `src/tokenizer/word_expansion'
#  Modification time never checked.
#  File has not been updated.
#  commands to execute (from `Makefile', line 95):
	$(CC) $(CFLAGS) -c -o $@ $< -I$(INCL_DIR) -I/Users/$(USER)/.brew/Cellar/readline/8.1.2/include
	

src/built_in/exit.o: src/built_in/exit.c
#  Implicit rule search has not been done.
#  Implicit/static pattern stem: `src/built_in/exit'
#  Modification time never checked.
#  File has not been updated.
#  commands to execute (from `Makefile', line 95):
	$(CC) $(CFLAGS) -c -o $@ $< -I$(INCL_DIR) -I/Users/$(USER)/.brew/Cellar/readline/8.1.2/include
	

src/built_in/set_env.o: src/built_in/set_env.c
#  Implicit rule search has not been done.
#  Implicit/static pattern stem: `src/built_in/set_env'
#  Modification time never checked.
#  File has not been updated.
#  commands to execute (from `Makefile', line 95):
	$(CC) $(CFLAGS) -c -o $@ $< -I$(INCL_DIR) -I/Users/$(USER)/.brew/Cellar/readline/8.1.2/include
	

src/parser/parse_command.o: src/parser/parse_command.c
#  Implicit rule search has not been done.
#  Implicit/static pattern stem: `src/parser/parse_command'
#  Modification time never checked.
#  File has not been updated.
#  commands to execute (from `Makefile', line 95):
	$(CC) $(CFLAGS) -c -o $@ $< -I$(INCL_DIR) -I/Users/$(USER)/.brew/Cellar/readline/8.1.2/include
	

# Not a target:
src/built_in/export.c:
#  Implicit rule search has not been done.
#  Modification time never checked.
#  File has not been updated.

# Not a target:
src/built_in/ft_split_first.c:
#  Implicit rule search has not been done.
#  Modification time never checked.
#  File has not been updated.

src/tokenizer/token_helper_func.o: src/tokenizer/token_helper_func.c
#  Implicit rule search has not been done.
#  Implicit/static pattern stem: `src/tokenizer/token_helper_func'
#  Modification time never checked.
#  File has not been updated.
#  commands to execute (from `Makefile', line 95):
	$(CC) $(CFLAGS) -c -o $@ $< -I$(INCL_DIR) -I/Users/$(USER)/.brew/Cellar/readline/8.1.2/include
	

# Not a target:
src/parser/parser.c:
#  Implicit rule search has not been done.
#  Modification time never checked.
#  File has not been updated.

src/built_in/unset.o: src/built_in/unset.c
#  Implicit rule search has not been done.
#  Implicit/static pattern stem: `src/built_in/unset'
#  Modification time never checked.
#  File has not been updated.
#  commands to execute (from `Makefile', line 95):
	$(CC) $(CFLAGS) -c -o $@ $< -I$(INCL_DIR) -I/Users/$(USER)/.brew/Cellar/readline/8.1.2/include
	

src/generate_process.o: src/generate_process.c
#  Implicit rule search has not been done.
#  Implicit/static pattern stem: `src/generate_process'
#  Modification time never checked.
#  File has not been updated.
#  commands to execute (from `Makefile', line 95):
	$(CC) $(CFLAGS) -c -o $@ $< -I$(INCL_DIR) -I/Users/$(USER)/.brew/Cellar/readline/8.1.2/include
	

src/parser/parse_redirect.o: src/parser/parse_redirect.c
#  Implicit rule search has not been done.
#  Implicit/static pattern stem: `src/parser/parse_redirect'
#  Modification time never checked.
#  File has not been updated.
#  commands to execute (from `Makefile', line 95):
	$(CC) $(CFLAGS) -c -o $@ $< -I$(INCL_DIR) -I/Users/$(USER)/.brew/Cellar/readline/8.1.2/include
	

src/minishell_initialize.o: src/minishell_initialize.c
#  Implicit rule search has not been done.
#  Implicit/static pattern stem: `src/minishell_initialize'
#  Modification time never checked.
#  File has not been updated.
#  commands to execute (from `Makefile', line 95):
	$(CC) $(CFLAGS) -c -o $@ $< -I$(INCL_DIR) -I/Users/$(USER)/.brew/Cellar/readline/8.1.2/include
	

LIBFT.lib.clean:
#  Implicit rule search has not been done.
#  Implicit/static pattern stem: `LIBFT'
#  Modification time never checked.
#  File has not been updated.
#  commands to execute (from `Makefile', line 106):
	$(RM) $($*)
	@$(MAKE) -C $($*_DIR) fclean
	$(RM) $*.lib
	

# Not a target:
src/built_in/ft_atoll.c:
#  Implicit rule search has not been done.
#  Modification time never checked.
#  File has not been updated.

# Not a target:
src/built_in/delete_content.c:
#  Implicit rule search has not been done.
#  Modification time never checked.
#  File has not been updated.

src/built_in/find_question.o: src/built_in/find_question.c
#  Implicit rule search has not been done.
#  Implicit/static pattern stem: `src/built_in/find_question'
#  Modification time never checked.
#  File has not been updated.
#  commands to execute (from `Makefile', line 95):
	$(CC) $(CFLAGS) -c -o $@ $< -I$(INCL_DIR) -I/Users/$(USER)/.brew/Cellar/readline/8.1.2/include
	

# files hash-table stats:
# Load=81/1024=8%, Rehash=0, Collisions=6/172=3%
# VPATH Search Paths

# No `vpath' search paths.

# No general (`VPATH' variable) search path.

# # of strings in strcache: 1
# # of strcache buffers: 1
# strcache size: total = 4096 / max = 4096 / min = 4096 / avg = 4096
# strcache free: total = 4087 / max = 4087 / min = 4087 / avg = 4087

# Finished Make data base on Tue Jun 14 21:46:20 2022

 
